<?xml version="1.0" encoding="UTF-8"?>
<!-- Generated by org.testng.reporters.JUnitReportReporter -->
<testsuite hostname="IBM-PF34E63B" failures="0" tests="3" name="GitHub" time="3.854" errors="0" timestamp="2025-02-17T11:02:58 IST" skipped="0">
  <testcase classname="GitHub" name="postSSH" time="3.047">
    <system-out>
      <![CDATA[Post Response{
    "id": 117136958,
    "key": "ssh-ed25519 AAAAC3NzaC1lZDI1NTE5AAAAIEeazD9Mm8Xwr0enGYP7oxRVWcXRupZ2iE6Z57baIHEC",
    "url": "https://api.github.com/user/keys/117136958",
    "title": "SSH Key 2",
    "verified": true,
    "created_at": "2025-02-17T05:32:56Z",
    "read_only": false
}]]>
    </system-out>
  </testcase> <!-- postSSH -->
  <testcase classname="GitHub" name="getUserDetails" time="0.405">
    <system-out>
      <![CDATA[GET Response: {
    "id": 117136958,
    "key": "ssh-ed25519 AAAAC3NzaC1lZDI1NTE5AAAAIEeazD9Mm8Xwr0enGYP7oxRVWcXRupZ2iE6Z57baIHEC",
    "url": "https://api.github.com/user/keys/117136958",
    "title": "SSH Key 2",
    "verified": true,
    "created_at": "2025-02-17T05:32:56Z",
    "read_only": false
}]]>
    </system-out>
  </testcase> <!-- getUserDetails -->
  <testcase classname="GitHub" name="deleteUserDetails" time="0.402">
    <system-out>
      <![CDATA[Delete Response: ]]>
    </system-out>
  </testcase> <!-- deleteUserDetails -->
  <system-out>
    <![CDATA[Post Response{
    "id": 117136958,
    "key": "ssh-ed25519 AAAAC3NzaC1lZDI1NTE5AAAAIEeazD9Mm8Xwr0enGYP7oxRVWcXRupZ2iE6Z57baIHEC",
    "url": "https://api.github.com/user/keys/117136958",
    "title": "SSH Key 2",
    "verified": true,
    "created_at": "2025-02-17T05:32:56Z",
    "read_only": false
}
GET Response: {
    "id": 117136958,
    "key": "ssh-ed25519 AAAAC3NzaC1lZDI1NTE5AAAAIEeazD9Mm8Xwr0enGYP7oxRVWcXRupZ2iE6Z57baIHEC",
    "url": "https://api.github.com/user/keys/117136958",
    "title": "SSH Key 2",
    "verified": true,
    "created_at": "2025-02-17T05:32:56Z",
    "read_only": false
}
Delete Response: ]]>
  </system-out>
</testsuite> <!-- GitHub -->
